<?xml version="1.0" encoding="UTF-8"?>
<!-- Generated by org.testng.reporters.JUnitXMLReporter -->
<testsuite ignored="0" hostname="K486LTRV" failures="1" tests="1" name="Default test" time="18.786" errors="0" timestamp="2024-05-03T11:35:56 IST">
  <testcase classname="io.cucumber.testng.AbstractTestNGCucumberTests" name="runScenario" time="18.458">
    <failure type="io.cucumber.java.PendingException" message="TODO: implement me">
      <![CDATA[io.cucumber.java.PendingException: TODO: implement me
at stepDefinitions.priceValidation.the_user_should_check_the_price_text_displayed(priceValidation.java:45)
at âœ½.the user should check the price text displayed(classpath:features//price.feature:9)
]]>
    </failure>
  </testcase> <!-- runScenario -->
</testsuite> <!-- Default test -->
