<?xml version="1.0" encoding="UTF-8"?>
<!-- Generated by org.testng.reporters.JUnitReportReporter -->
<testsuite hostname="K486LTRV" failures="0" tests="1" name="runner.TestRunner" time="18.458" errors="1" timestamp="2024-05-03T11:35:56 IST" skipped="0">
  <testcase classname="runner.TestRunner" name="runScenario" time="18.458">
    <error message="TODO: implement me" type="io.cucumber.java.PendingException">
      <![CDATA[io.cucumber.java.PendingException: TODO: implement me
at stepDefinitions.priceValidation.the_user_should_check_the_price_text_displayed(priceValidation.java:45)
at âœ½.the user should check the price text displayed(classpath:features//price.feature:9)
]]>
    </error>
  </testcase> <!-- runScenario -->
</testsuite> <!-- runner.TestRunner -->
